<?xml version="1.0" encoding="UTF-8"?>
<!-- Generated by org.testng.reporters.JUnitReportReporter -->
<testsuite hostname="FAIBLR06L1184" name="com.test.selenium.webdriver.TestNGPrac1" tests="1" failures="0" timestamp="27 Jun 2014 05:15:40 GMT" time="0.051" errors="0">
  <testcase name="f" time="0.051" classname="com.test.selenium.webdriver.TestNGPrac1"/>
</testsuite> <!-- com.test.selenium.webdriver.TestNGPrac1 -->
